C51 COMPILER V9.60.0.0   MAIN                                                              03/21/2021 21:12:55 PAGE 1   


C51 COMPILER V9.60.0.0, COMPILATION OF MODULE MAIN
OBJECT MODULE PLACED IN .\Objects\main.obj
COMPILER INVOKED BY: C:\Keil_v5\C51\BIN\C51.EXE main.c OPTIMIZE(8,SPEED) BROWSE DEBUG OBJECTEXTEND PRINT(.\Listings\main
                    -.lst) TABS(2) OBJECT(.\Objects\main.obj)

line level    source

   1          #include <at89c5131.h>
   2          #include "lcd.h"    //Header file with LCD interfacing functions
   3          #include "serial.c" //C file with UART interfacing functions
   4          
   5          sbit LED4=P1^7;
   6          sbit LED3=P1^6;
   7          sbit LED2=P1^5;
   8          sbit LED1=P1^4;
   9          
  10          //Test function definitions
  11          
  12          /************************************************
  13             lcd_test():
  14            LCD test function that gets called when
  15            '1' is received from UART
  16            Prints "LCD Ok" on LCD. After 4 seconds
  17            LCD is cleared
  18          ************************************************/
  19          void lcd_test(void)
  20          {
  21   1         lcd_cmd(0x80);
  22   1         lcd_write_string("LCD Ok");
  23   1         msdelay(2000);
  24   1         lcd_cmd(0x01);
  25   1      } 
  26          
  27          /************************************************
  28             led_test():
  29            LED test code. Update this function
  30            to test LEDs on P1.7-P1.4 by blinking
  31            them for a few times.
  32          ************************************************/
  33          void led_test(void)
  34          {
  35   1      unsigned int i = 0;
  36   1          while(i<10)
  37   1          { 
  38   2            LED1= ~LED1;
  39   2            LED2= ~LED2;
  40   2            LED3= ~LED3;
  41   2            LED4= ~LED4;
  42   2            msdelay(500);
  43   2            i++;
  44   2          } 
  45   1      }
  46          
  47          
  48          //Main function
  49          void main(void)
  50          {
  51   1        unsigned char ch=0;
  52   1        
  53   1        //Initialize port P1 for output from P1.7-P1.4
  54   1        P1 = 0x0F;
C51 COMPILER V9.60.0.0   MAIN                                                              03/21/2021 21:12:55 PAGE 2   

  55   1        
  56   1        //Call initialization functions
  57   1        lcd_init();
  58   1        uart_init();
  59   1        
  60   1        //These strings will be printed in terminal software
  61   1        transmit_string("************************\r\n");
  62   1        transmit_string("******8051 Tests********\r\n");
  63   1        transmit_string("************************\r\n");
  64   1        transmit_string("Press 1 for LCD test\r\n");
  65   1        transmit_string("Press 2 for LED test\r\n");
  66   1        
  67   1        while(1)
  68   1        {
  69   2            //Receive a character
  70   2            ch = receive_char();
  71   2          
  72   2            //Decide which test function to run based on character sent
  73   2            //Displays the string on the terminal software
  74   2            switch(ch)
  75   2            {
  76   3              case '1':lcd_test();
  77   3                       transmit_string("LCD tested\r\n");
  78   3                       break;
  79   3              
  80   3              case '2':led_test();
  81   3                       transmit_string("LED tested\r\n");
  82   3                       break;
  83   3                    
  84   3              default:transmit_string("Incorrect test. Pass correct number\r\n");
  85   3                       break;
  86   3              
  87   3            }
  88   2            msdelay(100);
  89   2        }
  90   1      }


MODULE INFORMATION:   STATIC OVERLAYABLE
   CODE SIZE        =    584    ----
   CONSTANT SIZE    =    171    ----
   XDATA SIZE       =   ----    ----
   PDATA SIZE       =   ----    ----
   DATA SIZE        =   ----      12
   IDATA SIZE       =   ----    ----
   BIT SIZE         =      2    ----
END OF MODULE INFORMATION.


C51 COMPILATION COMPLETE.  0 WARNING(S),  0 ERROR(S)
