A51 MACRO ASSEMBLER  Q2                                                                   02/08/2021 10:08:58 PAGE     1


MACRO ASSEMBLER A51 V8.2.7.0
OBJECT MODULE PLACED IN .\Objects\Q2.obj
ASSEMBLER INVOKED BY: C:\Keil_v5\C51\BIN\A51.EXE Q2.asm SET(SMALL) DEBUG PRINT(.\Listings\Q2.lst) OBJECT(.\Objects\Q2.ob
                      j) EP

LOC  OBJ            LINE     SOURCE

0000                   1         org 00h
                       2                     
                       3     
                       4              
0000 E590              5              MOV A,P1
0002 B4010A            6          CJNE A,#01,Loop1
0005                   7               Again: 
0005 D294              8                         SETB P1.4
0007 1131              9                             ACALL DELAY1 
0009 C294             10                             CLR P1.4
000B 113E             11                             ACALL DELAY3
000D 80F6             12                             SJMP AGAIN
                      13                             
000F                  14              loop1: 
000F B4020A           15                     CJNE A,#02,toggle
0012 D296             16                             SETB P1.6
0014 114B             17                             ACALL DELAY2 
0016 C296             18                             CLR P1.6
0018 114B             19                             ACALL DELAY2
001A 80F3             20                             SJMP loop1
                      21                             
                      22                             
                      23                             
001C                  24         toggle: 
001C B40339           25                     CJNE A,#03,endloop
001F D294             26                         SETB P1.4
0021 1131             27                             ACALL DELAY1 
0023 C294             28                             CLR P1.4
0025 113E             29                             ACALL DELAY3
                      30                             
0027 D296             31                         SETB P1.6
0029 114B             32                             ACALL DELAY2 
002B C296             33                             CLR P1.6
002D 114B             34                             ACALL DELAY2
002F 80EB             35                             SJMP toggle
                      36                             
0031                  37                             DELAY1: 
                      38                             
0031 780A             39                         MOV R0,#10
0033                  40                             HERE3: 
0033 79C8             41                          MOV R1,#200
0035                  42                             HERE2: 
0035 7AFA             43                         MOV R2,#250
0037                  44                             HERE: 
0037 DAFE             45                         DJNZ R2, HERE
0039 D9FA             46                             DJNZ R1, HERE2
003B D8F6             47                             DJNZ R0, HERE3
003D 22               48                             ret
                      49                             
003E                  50                             DELAY3: 
                      51                             
003E 781E             52                         MOV R0,#30
0040                  53                             HERE9: 
0040 79C8             54                          MOV R1,#200
0042                  55                             HERE8: 
0042 7AFA             56                         MOV R2,#250
0044                  57                             HERE7: 
A51 MACRO ASSEMBLER  Q2                                                                   02/08/2021 10:08:58 PAGE     2

0044 DAFE             58                         DJNZ R2, HERE7
0046 D9FA             59                             DJNZ R1, HERE8
0048 D8F6             60                             DJNZ R0, HERE9
004A 22               61                             ret
                      62                             
004B                  63                             DELAY2: 
                      64                             
004B 7814             65                         MOV R0,#20
004D                  66                             HERE6: 
004D 79C8             67                         MOV R1,#200
004F                  68                             HERE5: 
004F 7AFA             69                         MOV R2,#250
0051                  70                             HERE4: 
0051 DAFE             71                         DJNZ R2, HERE4
0053 D9FA             72                             DJNZ R1, HERE5
0055 D8F6             73                             DJNZ R0, HERE6
0057 22               74                             ret
                      75                             
0058                  76                             endloop:
0058 80FE             77                             FIN: SJMP FIN
                      78                             END
A51 MACRO ASSEMBLER  Q2                                                                   02/08/2021 10:08:58 PAGE     3

SYMBOL TABLE LISTING
------ ----- -------


N A M E             T Y P E  V A L U E   ATTRIBUTES

AGAIN. . . . . . .  C ADDR   0005H   A   
DELAY1 . . . . . .  C ADDR   0031H   A   
DELAY2 . . . . . .  C ADDR   004BH   A   
DELAY3 . . . . . .  C ADDR   003EH   A   
ENDLOOP. . . . . .  C ADDR   0058H   A   
FIN. . . . . . . .  C ADDR   0058H   A   
HERE . . . . . . .  C ADDR   0037H   A   
HERE2. . . . . . .  C ADDR   0035H   A   
HERE3. . . . . . .  C ADDR   0033H   A   
HERE4. . . . . . .  C ADDR   0051H   A   
HERE5. . . . . . .  C ADDR   004FH   A   
HERE6. . . . . . .  C ADDR   004DH   A   
HERE7. . . . . . .  C ADDR   0044H   A   
HERE8. . . . . . .  C ADDR   0042H   A   
HERE9. . . . . . .  C ADDR   0040H   A   
LOOP1. . . . . . .  C ADDR   000FH   A   
P1 . . . . . . . .  D ADDR   0090H   A   
TOGGLE . . . . . .  C ADDR   001CH   A   


REGISTER BANK(S) USED: 0 


ASSEMBLY COMPLETE.  0 WARNING(S), 0 ERROR(S)
